Python script without parellel, one by one
1
1
1.6689300537109375e-06
2
1
1.1920928955078125e-06
3
2
1.9073486328125e-06
4
3
1.6689300537109375e-06
5
5
2.1457672119140625e-06
6
8
2.6226043701171875e-06
7
13
3.814697265625e-06
8
21
5.245208740234375e-06
9
34
8.106231689453125e-06
10
55
1.239776611328125e-05
11
89
1.9788742065429688e-05
12
144
3.123283386230469e-05
13
233
5.0067901611328125e-05
14
377
8.106231689453125e-05
15
610
0.00012993812561035156
16
987
0.0002105236053466797
17
1597
0.0004057884216308594
18
2584
0.0005593299865722656
19
4181
0.0009744167327880859
20
6765
0.0014536380767822266
21
10946
0.002367258071899414
22
17711
0.003787517547607422
23
28657
0.0060765743255615234
24
46368
0.009784460067749023
25
75025
0.015790700912475586
26
121393
0.025481224060058594
27
196418
0.04141640663146973
28
317811
0.06684994697570801
29
514229
0.10820651054382324
30
832040
0.1749122142791748
31
1346269
0.2828352451324463
32
2178309
0.45777392387390137
33
3524578
0.7411527633666992
34
5702887
1.1963975429534912
35
9227465
1.9343070983886719
36
14930352
3.1301686763763428
37
24157817
5.067731142044067
38
39088169
8.201356887817383
39
63245986
13.267295360565186
1
1
1.6689300537109375e-06
2
1
1.1920928955078125e-06
3
2
1.6689300537109375e-06
4
3
1.430511474609375e-06
5
5
2.384185791015625e-06
6
8
2.6226043701171875e-06
7
13
3.5762786865234375e-06
8
21
5.245208740234375e-06
9
34
7.867813110351562e-06
10
55
1.1920928955078125e-05
11
89
1.9311904907226562e-05
12
144
3.0517578125e-05
13
233
4.887580871582031e-05
14
377
0.00011873245239257812
15
610
0.00013875961303710938
16
987
0.00023484230041503906
17
1597
0.0003292560577392578
18
2584
0.0005695819854736328
19
4181
0.0009169578552246094
20
6765
0.0014071464538574219
21
10946
0.0022928714752197266
22
17711
0.0036818981170654297
23
28657
0.00593256950378418
24
46368
0.009556770324707031
25
75025
0.015509843826293945
26
121393
0.02501654624938965
27
196418
0.04059791564941406
28
317811
0.06551694869995117
29
514229
0.1060950756072998
30
832040
0.17135357856750488
31
1346269
0.27747607231140137
32
2178309
0.4486415386199951
33
3524578
0.726311206817627
34
5702887
1.1754357814788818
35
9227465
1.9029905796051025
36
14930352
3.07934308052063
37
24157817
4.984608888626099
38
39088169
8.073077201843262
39
63245986
13.075263500213623
1
1
1.6689300537109375e-06
2
1
1.430511474609375e-06
3
2
1.6689300537109375e-06
4
3
1.6689300537109375e-06
5
5
2.384185791015625e-06
6
8
2.6226043701171875e-06
7
13
7.867813110351562e-06
8
21
5.7220458984375e-06
9
34
2.1696090698242188e-05
10
55
1.33514404296875e-05
11
89
2.0742416381835938e-05
12
144
3.2901763916015625e-05
13
233
5.340576171875e-05
14
377
9.846687316894531e-05
15
610
0.00014352798461914062
16
987
0.00020885467529296875
17
1597
0.0003573894500732422
18
2584
0.0005643367767333984
19
4181
0.0009157657623291016
20
6765
0.0015079975128173828
21
10946
0.0023987293243408203
22
17711
0.0037386417388916016
23
28657
0.006039619445800781
24
46368
0.009765148162841797
25
75025
0.015905141830444336
26
121393
0.025547266006469727
27
196418
0.04136157035827637
28
317811
0.06681013107299805
29
514229
0.10825037956237793
30
832040
0.17540478706359863
31
1346269
0.2834298610687256
32
2178309
0.45957159996032715
33
3524578
0.742626428604126
34
5702887
1.198472023010254
35
9227465
1.9419169425964355
36
14930352
3.1427602767944336
37
24157817
5.090497732162476
38
39088169
8.236879348754883
39
63245986
13.338494300842285
1
1
1.6689300537109375e-06
2
1
1.1920928955078125e-06
3
2
1.9073486328125e-06
4
3
1.9073486328125e-06
5
5
2.1457672119140625e-06
6
8
2.6226043701171875e-06
7
13
3.814697265625e-06
8
21
5.0067901611328125e-06
9
34
7.867813110351562e-06
10
55
1.239776611328125e-05
11
89
1.9311904907226562e-05
12
144
3.075599670410156e-05
13
233
4.9114227294921875e-05
14
377
7.891654968261719e-05
15
610
0.00016546249389648438
16
987
0.0002415180206298828
17
1597
0.00032973289489746094
18
2584
0.0005571842193603516
19
4181
0.0008959770202636719
20
6765
0.001481771469116211
21
10946
0.002260923385620117
22
17711
0.0036902427673339844
23
28657
0.005944013595581055
24
46368
0.009570121765136719
25
75025
0.015516996383666992
26
121393
0.025097131729125977
27
196418
0.040712594985961914
28
317811
0.06585955619812012
29
514229
0.10668134689331055
30
832040
0.17253422737121582
31
1346269
0.27935194969177246
32
2178309
0.4533557891845703
33
3524578
0.7318358421325684
34
5702887
1.18381667137146
35
9227465
1.9113752841949463
36
14930352
3.089303970336914
37
24157817
4.99350118637085
38
39088169
8.084214925765991
39
63245986
13.080472469329834

real	2m18,175s
user	2m17,985s
sys	0m0,018s
Python script using parallel
perl: warning: Setting locale failed.
perl: warning: Please check that your locale settings:
	LANGUAGE = (unset),
	LC_ALL = (unset),
	LC_CTYPE = "UTF-8",
	LANG = "es_ES.UTF-8"
    are supported and installed on your system.
perl: warning: Falling back to a fallback locale ("es_ES.UTF-8").
1
1
1.430511474609375e-06
2
1
1.1920928955078125e-06
3
2
1.9073486328125e-06
4
3
1.9073486328125e-06
5
5
2.1457672119140625e-06
6
8
2.6226043701171875e-06
7
13
3.814697265625e-06
8
21
5.9604644775390625e-06
9
34
8.58306884765625e-06
10
55
1.33514404296875e-05
11
89
3.4332275390625e-05
12
144
3.504753112792969e-05
13
233
5.555152893066406e-05
14
377
8.916854858398438e-05
15
610
0.00015497207641601562
16
987
0.00022363662719726562
17
1597
0.0003604888916015625
18
2584
0.0006251335144042969
19
4181
0.0009963512420654297
20
6765
0.0016057491302490234
21
10946
0.0025756359100341797
22
17711
0.00419163703918457
23
28657
0.006762266159057617
24
46368
0.010961532592773438
25
75025
0.01768779754638672
26
121393
0.028529644012451172
27
196418
0.04625964164733887
28
317811
0.06972646713256836
29
514229
0.10613179206848145
30
832040
0.17533135414123535
31
1346269
0.2862725257873535
32
2178309
0.46248388290405273
33
3524578
0.7480089664459229
34
5702887
1.2100698947906494
35
9227465
1.9562008380889893
36
14930352
3.1645448207855225
37
24157817
5.123688220977783
38
39088169
8.288460493087769
39
63245986
13.410999774932861
1
1
1.6689300537109375e-06
2
1
1.430511474609375e-06
3
2
1.6689300537109375e-06
4
3
1.9073486328125e-06
5
5
2.384185791015625e-06
6
8
2.86102294921875e-06
7
13
4.291534423828125e-06
8
21
5.9604644775390625e-06
9
34
8.821487426757812e-06
10
55
1.3828277587890625e-05
11
89
3.4332275390625e-05
12
144
3.3855438232421875e-05
13
233
5.412101745605469e-05
14
377
8.726119995117188e-05
15
610
0.00013947486877441406
16
987
0.0002243518829345703
17
1597
0.0003972053527832031
18
2584
0.0005996227264404297
19
4181
0.0009868144989013672
20
6765
0.001613616943359375
21
10946
0.0025942325592041016
22
17711
0.004251956939697266
23
28657
0.006815195083618164
24
46368
0.011039257049560547
25
75025
0.01777362823486328
26
121393
0.028676986694335938
27
196418
0.04627418518066406
28
317811
0.0729517936706543
29
514229
0.11554956436157227
30
832040
0.18142247200012207
31
1346269
0.28983545303344727
32
2178309
0.46912169456481934
33
3524578
0.7570440769195557
34
5702887
1.222987413406372
35
9227465
1.976274013519287
36
14930352
3.197242498397827
37
24157817
5.174962282180786
38
39088169
8.37992000579834
39
63245986
13.582608699798584
1
1
1.6689300537109375e-06
2
1
1.1920928955078125e-06
3
2
2.1457672119140625e-06
4
3
1.9073486328125e-06
5
5
2.6226043701171875e-06
6
8
3.0994415283203125e-06
7
13
4.5299530029296875e-06
8
21
5.9604644775390625e-06
9
34
9.298324584960938e-06
10
55
1.430511474609375e-05
11
89
2.2649765014648438e-05
12
144
3.528594970703125e-05
13
233
5.650520324707031e-05
14
377
9.059906005859375e-05
15
610
0.0001480579376220703
16
987
0.00024080276489257812
17
1597
0.0004115104675292969
18
2584
0.0005962848663330078
19
4181
0.0010280609130859375
20
6765
0.0016336441040039062
21
10946
0.0026886463165283203
22
17711
0.0043032169342041016
23
28657
0.006934404373168945
24
46368
0.011292219161987305
25
75025
0.01828455924987793
26
121393
0.029453516006469727
27
196418
0.0477449893951416
28
317811
0.07463908195495605
29
514229
0.11836099624633789
30
832040
0.1834406852722168
31
1346269
0.29482555389404297
32
2178309
0.47795844078063965
33
3524578
0.7721338272094727
34
5702887
1.247865915298462
35
9227465
2.019129514694214
36
14930352
3.260402202606201
37
24157817
5.275815010070801
38
39088169
8.55186676979065
39
63245986
13.824455499649048
1
1
1.9073486328125e-06
2
1
1.430511474609375e-06
3
2
1.4781951904296875e-05
4
3
1.9073486328125e-06
5
5
2.384185791015625e-06
6
8
3.0994415283203125e-06
7
13
4.5299530029296875e-06
8
21
5.9604644775390625e-06
9
34
8.58306884765625e-06
10
55
1.3828277587890625e-05
11
89
2.1696090698242188e-05
12
144
3.4809112548828125e-05
13
233
5.507469177246094e-05
14
377
8.916854858398438e-05
15
610
0.0001430511474609375
16
987
0.0002562999725341797
17
1597
0.0003921985626220703
18
2584
0.0006232261657714844
19
4181
0.0010249614715576172
20
6765
0.001634359359741211
21
10946
0.002663135528564453
22
17711
0.004336833953857422
23
28657
0.006955623626708984
24
46368
0.01120615005493164
25
75025
0.018209457397460938
26
121393
0.029407024383544922
27
196418
0.04758810997009277
28
317811
0.07447171211242676
29
514229
0.11807727813720703
30
832040
0.18536996841430664
31
1346269
0.2963080406188965
32
2178309
0.47905468940734863
33
3524578
0.7732162475585938
34
5702887
1.2488353252410889
35
9227465
2.0189125537872314
36
14930352
3.263267993927002
37
24157817
5.278504848480225
38
39088169
8.551469326019287
39
63245986
13.85257363319397

real	0m36,408s
user	2m23,107s
sys	0m0,058s
